<?xml version="1.0" encoding="UTF-8"?>
<!-- Generated by org.testng.reporters.JUnitReportReporter -->
<testsuite skipped="0" hostname="DESKTOP-O2V6U4O" name="runners.TestNgRunner" tests="1" failures="0" timestamp="2020-05-17T17:29:10 BST" time="25.375" errors="0">
  <testcase name="runScenario" time="25.375" classname="runners.TestNgRunner"/>
</testsuite> <!-- runners.TestNgRunner -->
